Copyright 1986-2019 Xilinx, Inc. All Rights Reserved.
------------------------------------------------------------------------------------
| Tool Version : Vivado v.2019.2 (win64) Build 2708876 Wed Nov  6 21:40:23 MST 2019
| Date         : Wed Nov 22 11:05:01 2023
| Host         : ES1733 running 64-bit major release  (build 9200)
| Command      : upgrade_ip
| Device       : xc7z010clg400-1
------------------------------------------------------------------------------------

Upgrade Log for IP 'design_1_my_matrice_LED_0_0'

1. Summary
----------

SUCCESS in the upgrade of design_1_my_matrice_LED_0_0 (inpg.fr:user:my_matrice_LED:1.0) from (Rev. 6) to (Rev. 7)






Copyright 1986-2019 Xilinx, Inc. All Rights Reserved.
------------------------------------------------------------------------------------
| Tool Version : Vivado v.2019.2 (win64) Build 2708876 Wed Nov  6 21:40:23 MST 2019
| Date         : Wed Nov 22 09:02:34 2023
| Host         : ES1733 running 64-bit major release  (build 9200)
| Command      : upgrade_ip
| Device       : xc7z010clg400-1
------------------------------------------------------------------------------------

Upgrade Log for IP 'design_1_my_matrice_LED_0_0'

1. Summary
----------

SUCCESS in the upgrade of design_1_my_matrice_LED_0_0 (inpg.fr:user:my_matrice_LED:1.0) from (Rev. 5) to (Rev. 6)






Copyright 1986-2019 Xilinx, Inc. All Rights Reserved.
------------------------------------------------------------------------------------
| Tool Version : Vivado v.2019.2 (win64) Build 2708876 Wed Nov  6 21:40:23 MST 2019
| Date         : Wed Nov 15 09:41:39 2023
| Host         : ES1733 running 64-bit major release  (build 9200)
| Command      : upgrade_ip
| Device       : xc7z010clg400-1
------------------------------------------------------------------------------------

Upgrade Log for IP 'design_1_my_matrice_LED_0_0'

1. Summary
----------

SUCCESS in the upgrade of design_1_my_matrice_LED_0_0 (inpg.fr:user:my_matrice_LED:1.0) from (Rev. 4) to (Rev. 5)






Copyright 1986-2019 Xilinx, Inc. All Rights Reserved.
------------------------------------------------------------------------------------
| Tool Version : Vivado v.2019.2 (win64) Build 2708876 Wed Nov  6 21:40:23 MST 2019
| Date         : Wed Nov 15 09:36:52 2023
| Host         : ES1733 running 64-bit major release  (build 9200)
| Command      : upgrade_ip
| Device       : xc7z010clg400-1
------------------------------------------------------------------------------------

Upgrade Log for IP 'design_1_my_matrice_LED_0_0'

1. Summary
----------

SUCCESS in the upgrade of design_1_my_matrice_LED_0_0 (inpg.fr:user:my_matrice_LED:1.0) from (Rev. 3) to (Rev. 4)






Copyright 1986-2019 Xilinx, Inc. All Rights Reserved.
------------------------------------------------------------------------------------
| Tool Version : Vivado v.2019.2 (win64) Build 2708876 Wed Nov  6 21:40:23 MST 2019
| Date         : Wed Nov 15 09:18:23 2023
| Host         : ES1733 running 64-bit major release  (build 9200)
| Command      : upgrade_ip
| Device       : xc7z010clg400-1
------------------------------------------------------------------------------------

Upgrade Log for IP 'design_1_my_matrice_LED_0_0'

1. Summary
----------

CAUTION (success, with warnings) in the upgrade of design_1_my_matrice_LED_0_0 (inpg.fr:user:my_matrice_LED:1.0) from (Rev. 2) to (Rev. 3)

After upgrade, an IP may have parameter and port differences compared to the original customization. Please review the parameters within the IP customization GUI to ensure proper functionality. Also, please review the updated IP instantiation template to ensure proper connectivity, and update your design if required.

2. Connection Warnings
----------------------

Detected external port differences while upgrading 'design_1_my_matrice_LED_0_0'. These changes may impact your design.


-Upgrade has added port 'my_matrice_led_cmd_out'


