#-----------------------------------------------------------
# Vivado v2019.2 (64-bit)
# SW Build 2708876 on Wed Nov  6 21:40:23 MST 2019
# IP Build 2700528 on Thu Nov  7 00:09:20 MST 2019
# Start of session at: Thu Nov 23 12:03:49 2023
# Process ID: 10220
# Current directory: H:/5A/CE514/ZyboZ7/MatriceZyboZ7
# Command line: vivado.exe -gui_launcher_event rodinguilauncherevent3492 H:\5A\CE514\ZyboZ7\MatriceZyboZ7\MatriceZyboZ7.xpr
# Log file: H:/5A/CE514/ZyboZ7/MatriceZyboZ7/vivado.log
# Journal file: H:/5A/CE514/ZyboZ7/MatriceZyboZ7\vivado.jou
#-----------------------------------------------------------
start_gui
open_project H:/5A/CE514/ZyboZ7/MatriceZyboZ7/MatriceZyboZ7.xpr
Scanning sources...
Finished scanning sources
INFO: [IP_Flow 19-234] Refreshing IP repositories
INFO: [IP_Flow 19-1700] Loaded user IP repository 'h:/5A/CE514/ip_repo/my_matrice_LED_1.0'.
WARNING: [IP_Flow 19-395] Problem validating against XML schema: : Unexpected end of message
CRITICAL WARNING: [IP_Flow 19-1977] Unable to read IP file h:/CE515/vivado-library-zmod-v1-2019.1-2/vivado-library-zmod-v1-2019.1-2/ip/AXI_DPTI_1.0/component.xml. This IP will not be included in the IP Catalog.
WARNING: [IP_Flow 19-395] Problem validating against XML schema: : Unexpected end of message
CRITICAL WARNING: [IP_Flow 19-1977] Unable to read IP file h:/CE515/vivado-library-zmod-v1-2019.1-2/vivado-library-zmod-v1-2019.1-2/ip/axi_dynclk_v1_0/component.xml. This IP will not be included in the IP Catalog.
WARNING: [IP_Flow 19-395] Problem validating against XML schema: : Unexpected end of message
CRITICAL WARNING: [IP_Flow 19-1977] Unable to read IP file h:/CE515/vivado-library-zmod-v1-2019.1-2/vivado-library-zmod-v1-2019.1-2/ip/axi_i2s_adi_1.2/component.xml. This IP will not be included in the IP Catalog.
WARNING: [IP_Flow 19-395] Problem validating against XML schema: : Unexpected end of message
CRITICAL WARNING: [IP_Flow 19-1977] Unable to read IP file h:/CE515/vivado-library-zmod-v1-2019.1-2/vivado-library-zmod-v1-2019.1-2/ip/axi_ps2_1.0/component.xml. This IP will not be included in the IP Catalog.
WARNING: [IP_Flow 19-395] Problem validating against XML schema: : Unexpected end of message
CRITICAL WARNING: [IP_Flow 19-1977] Unable to read IP file h:/CE515/vivado-library-zmod-v1-2019.1-2/vivado-library-zmod-v1-2019.1-2/ip/dvi2rgb/component.xml. This IP will not be included in the IP Catalog.
WARNING: [IP_Flow 19-395] Problem validating against XML schema: : Unexpected end of message
CRITICAL WARNING: [IP_Flow 19-1977] Unable to read IP file h:/CE515/vivado-library-zmod-v1-2019.1-2/vivado-library-zmod-v1-2019.1-2/ip/hls_contrast_stretch_1_0/component.xml. This IP will not be included in the IP Catalog.
WARNING: [IP_Flow 19-395] Problem validating against XML schema: : Unexpected end of message
CRITICAL WARNING: [IP_Flow 19-1977] Unable to read IP file h:/CE515/vivado-library-zmod-v1-2019.1-2/vivado-library-zmod-v1-2019.1-2/ip/hls_gamma_correction_1_0/component.xml. This IP will not be included in the IP Catalog.
WARNING: [IP_Flow 19-395] Problem validating against XML schema: : Unexpected end of message
CRITICAL WARNING: [IP_Flow 19-1977] Unable to read IP file h:/CE515/vivado-library-zmod-v1-2019.1-2/vivado-library-zmod-v1-2019.1-2/ip/hls_saturation_enhance_1_0/component.xml. This IP will not be included in the IP Catalog.
WARNING: [IP_Flow 19-395] Problem validating against XML schema: : Unexpected end of message
CRITICAL WARNING: [IP_Flow 19-1977] Unable to read IP file h:/CE515/vivado-library-zmod-v1-2019.1-2/vivado-library-zmod-v1-2019.1-2/ip/MotorFeedback_1.0/component.xml. This IP will not be included in the IP Catalog.
WARNING: [IP_Flow 19-395] Problem validating against XML schema: : Unexpected end of message
CRITICAL WARNING: [IP_Flow 19-1977] Unable to read IP file h:/CE515/vivado-library-zmod-v1-2019.1-2/vivado-library-zmod-v1-2019.1-2/ip/Pmods/PmodACL2_v1_0/component.xml. This IP will not be included in the IP Catalog.
WARNING: [IP_Flow 19-395] Problem validating against XML schema: : Unexpected end of message
CRITICAL WARNING: [IP_Flow 19-1977] Unable to read IP file h:/CE515/vivado-library-zmod-v1-2019.1-2/vivado-library-zmod-v1-2019.1-2/ip/Pmods/PmodACL_v1_0/component.xml. This IP will not be included in the IP Catalog.
WARNING: [IP_Flow 19-395] Problem validating against XML schema: : Unexpected end of message
CRITICAL WARNING: [IP_Flow 19-1977] Unable to read IP file h:/CE515/vivado-library-zmod-v1-2019.1-2/vivado-library-zmod-v1-2019.1-2/ip/Pmods/PmodAD1_v1_0/component.xml. This IP will not be included in the IP Catalog.
WARNING: [IP_Flow 19-395] Problem validating against XML schema: : Unexpected end of message
CRITICAL WARNING: [IP_Flow 19-1977] Unable to read IP file h:/CE515/vivado-library-zmod-v1-2019.1-2/vivado-library-zmod-v1-2019.1-2/ip/Pmods/PmodAD2_v1_0/component.xml. This IP will not be included in the IP Catalog.
WARNING: [IP_Flow 19-395] Problem validating against XML schema: : Unexpected end of message
CRITICAL WARNING: [IP_Flow 19-1977] Unable to read IP file h:/CE515/vivado-library-zmod-v1-2019.1-2/vivado-library-zmod-v1-2019.1-2/ip/Pmods/PmodAD5_v1_0/component.xml. This IP will not be included in the IP Catalog.
WARNING: [IP_Flow 19-395] Problem validating against XML schema: : Unexpected end of message
CRITICAL WARNING: [IP_Flow 19-1977] Unable to read IP file h:/CE515/vivado-library-zmod-v1-2019.1-2/vivado-library-zmod-v1-2019.1-2/ip/Pmods/PmodALS_v1_0/component.xml. This IP will not be included in the IP Catalog.
WARNING: [IP_Flow 19-395] Problem validating against XML schema: : Unexpected end of message
CRITICAL WARNING: [IP_Flow 19-1977] Unable to read IP file h:/CE515/vivado-library-zmod-v1-2019.1-2/vivado-library-zmod-v1-2019.1-2/ip/Pmods/PmodAMP2_v1_0/component.xml. This IP will not be included in the IP Catalog.
WARNING: [IP_Flow 19-395] Problem validating against XML schema: : Unexpected end of message
CRITICAL WARNING: [IP_Flow 19-1977] Unable to read IP file h:/CE515/vivado-library-zmod-v1-2019.1-2/vivado-library-zmod-v1-2019.1-2/ip/Pmods/PmodAQS_v1_0/component.xml. This IP will not be included in the IP Catalog.
WARNING: [IP_Flow 19-395] Problem validating against XML schema: : Unexpected end of message
CRITICAL WARNING: [IP_Flow 19-1977] Unable to read IP file h:/CE515/vivado-library-zmod-v1-2019.1-2/vivado-library-zmod-v1-2019.1-2/ip/Pmods/PmodBLE_v1_0/component.xml. This IP will not be included in the IP Catalog.
WARNING: [IP_Flow 19-395] Problem validating against XML schema: : Unexpected end of message
CRITICAL WARNING: [IP_Flow 19-1977] Unable to read IP file h:/CE515/vivado-library-zmod-v1-2019.1-2/vivado-library-zmod-v1-2019.1-2/ip/Pmods/PmodBT2_v1_0/component.xml. This IP will not be included in the IP Catalog.
WARNING: [IP_Flow 19-395] Problem validating against XML schema: : Unexpected end of message
CRITICAL WARNING: [IP_Flow 19-1977] Unable to read IP file h:/CE515/vivado-library-zmod-v1-2019.1-2/vivado-library-zmod-v1-2019.1-2/ip/Pmods/PmodCAN_v1_0/component.xml. This IP will not be included in the IP Catalog.
WARNING: [IP_Flow 19-395] Problem validating against XML schema: : Unexpected end of message
CRITICAL WARNING: [IP_Flow 19-1977] Unable to read IP file h:/CE515/vivado-library-zmod-v1-2019.1-2/vivado-library-zmod-v1-2019.1-2/ip/Pmods/PmodCLS_v1_0/component.xml. This IP will not be included in the IP Catalog.
WARNING: [IP_Flow 19-395] Problem validating against XML schema: : Unexpected end of message
CRITICAL WARNING: [IP_Flow 19-1977] Unable to read IP file h:/CE515/vivado-library-zmod-v1-2019.1-2/vivado-library-zmod-v1-2019.1-2/ip/Pmods/PmodCMPS2_v1_0/component.xml. This IP will not be included in the IP Catalog.
WARNING: [IP_Flow 19-395] Problem validating against XML schema: : Unexpected end of message
CRITICAL WARNING: [IP_Flow 19-1977] Unable to read IP file h:/CE515/vivado-library-zmod-v1-2019.1-2/vivado-library-zmod-v1-2019.1-2/ip/Pmods/PmodCOLOR_v1_0/component.xml. This IP will not be included in the IP Catalog.
WARNING: [IP_Flow 19-395] Problem validating against XML schema: : Unexpected end of message
CRITICAL WARNING: [IP_Flow 19-1977] Unable to read IP file h:/CE515/vivado-library-zmod-v1-2019.1-2/vivado-library-zmod-v1-2019.1-2/ip/Pmods/PmodDA1_v1_0/component.xml. This IP will not be included in the IP Catalog.
WARNING: [IP_Flow 19-395] Problem validating against XML schema: : Unexpected end of message
CRITICAL WARNING: [IP_Flow 19-1977] Unable to read IP file h:/CE515/vivado-library-zmod-v1-2019.1-2/vivado-library-zmod-v1-2019.1-2/ip/Pmods/PmodDHB1_v1_0/component.xml. This IP will not be included in the IP Catalog.
WARNING: [IP_Flow 19-395] Problem validating against XML schema: : Unexpected end of message
CRITICAL WARNING: [IP_Flow 19-1977] Unable to read IP file h:/CE515/vivado-library-zmod-v1-2019.1-2/vivado-library-zmod-v1-2019.1-2/ip/Pmods/PmodDPG1_v1_0/component.xml. This IP will not be included in the IP Catalog.
WARNING: [IP_Flow 19-395] Problem validating against XML schema: : Unexpected end of message
CRITICAL WARNING: [IP_Flow 19-1977] Unable to read IP file h:/CE515/vivado-library-zmod-v1-2019.1-2/vivado-library-zmod-v1-2019.1-2/ip/Pmods/PmodENC_v1_0/component.xml. This IP will not be included in the IP Catalog.
WARNING: [IP_Flow 19-395] Problem validating against XML schema: : Unexpected end of message
CRITICAL WARNING: [IP_Flow 19-1977] Unable to read IP file h:/CE515/vivado-library-zmod-v1-2019.1-2/vivado-library-zmod-v1-2019.1-2/ip/Pmods/PmodESP32_v1_0/component.xml. This IP will not be included in the IP Catalog.
WARNING: [IP_Flow 19-395] Problem validating against XML schema: : Unexpected end of message
CRITICAL WARNING: [IP_Flow 19-1977] Unable to read IP file h:/CE515/vivado-library-zmod-v1-2019.1-2/vivado-library-zmod-v1-2019.1-2/ip/Pmods/PmodGPIO_v1_0/component.xml. This IP will not be included in the IP Catalog.
WARNING: [IP_Flow 19-395] Problem validating against XML schema: : Unexpected end of message
CRITICAL WARNING: [IP_Flow 19-1977] Unable to read IP file h:/CE515/vivado-library-zmod-v1-2019.1-2/vivado-library-zmod-v1-2019.1-2/ip/Pmods/PmodGPS_v1_1/component.xml. This IP will not be included in the IP Catalog.
WARNING: [IP_Flow 19-395] Problem validating against XML schema: : Unexpected end of message
CRITICAL WARNING: [IP_Flow 19-1977] Unable to read IP file h:/CE515/vivado-library-zmod-v1-2019.1-2/vivado-library-zmod-v1-2019.1-2/ip/Pmods/PmodGYRO_v1_0/component.xml. This IP will not be included in the IP Catalog.
WARNING: [IP_Flow 19-395] Problem validating against XML schema: : Unexpected end of message
CRITICAL WARNING: [IP_Flow 19-1977] Unable to read IP file h:/CE515/vivado-library-zmod-v1-2019.1-2/vivado-library-zmod-v1-2019.1-2/ip/Pmods/PmodHYGRO_v1_0/component.xml. This IP will not be included in the IP Catalog.
WARNING: [IP_Flow 19-395] Problem validating against XML schema: : Unexpected end of message
CRITICAL WARNING: [IP_Flow 19-1977] Unable to read IP file h:/CE515/vivado-library-zmod-v1-2019.1-2/vivado-library-zmod-v1-2019.1-2/ip/Pmods/PmodJSTK2_v1_0/component.xml. This IP will not be included in the IP Catalog.
WARNING: [IP_Flow 19-395] Problem validating against XML schema: : Unexpected end of message
CRITICAL WARNING: [IP_Flow 19-1977] Unable to read IP file h:/CE515/vivado-library-zmod-v1-2019.1-2/vivado-library-zmod-v1-2019.1-2/ip/Pmods/PmodJSTK_v1_0/component.xml. This IP will not be included in the IP Catalog.
WARNING: [IP_Flow 19-395] Problem validating against XML schema: : Unexpected end of message
CRITICAL WARNING: [IP_Flow 19-1977] Unable to read IP file h:/CE515/vivado-library-zmod-v1-2019.1-2/vivado-library-zmod-v1-2019.1-2/ip/Pmods/PmodKYPD_v1_0/component.xml. This IP will not be included in the IP Catalog.
WARNING: [IP_Flow 19-395] Problem validating against XML schema: : Unexpected end of message
CRITICAL WARNING: [IP_Flow 19-1977] Unable to read IP file h:/CE515/vivado-library-zmod-v1-2019.1-2/vivado-library-zmod-v1-2019.1-2/ip/Pmods/PmodMAXSONAR_v1_0/component.xml. This IP will not be included in the IP Catalog.
WARNING: [IP_Flow 19-395] Problem validating against XML schema: : Unexpected end of message
CRITICAL WARNING: [IP_Flow 19-1977] Unable to read IP file h:/CE515/vivado-library-zmod-v1-2019.1-2/vivado-library-zmod-v1-2019.1-2/ip/Pmods/PmodMTDS_v1_0/component.xml. This IP will not be included in the IP Catalog.
WARNING: [IP_Flow 19-395] Problem validating against XML schema: : Unexpected end of message
CRITICAL WARNING: [IP_Flow 19-1977] Unable to read IP file h:/CE515/vivado-library-zmod-v1-2019.1-2/vivado-library-zmod-v1-2019.1-2/ip/Pmods/PmodNAV_v1_0/component.xml. This IP will not be included in the IP Catalog.
WARNING: [IP_Flow 19-395] Problem validating against XML schema: : Unexpected end of message
CRITICAL WARNING: [IP_Flow 19-1977] Unable to read IP file h:/CE515/vivado-library-zmod-v1-2019.1-2/vivado-library-zmod-v1-2019.1-2/ip/Pmods/pmodOLEDrgb_v1_0/component.xml. This IP will not be included in the IP Catalog.
WARNING: [IP_Flow 19-395] Problem validating against XML schema: : Unexpected end of message
CRITICAL WARNING: [IP_Flow 19-1977] Unable to read IP file h:/CE515/vivado-library-zmod-v1-2019.1-2/vivado-library-zmod-v1-2019.1-2/ip/Pmods/PmodOLED_v1_0/component.xml. This IP will not be included in the IP Catalog.
WARNING: [IP_Flow 19-395] Problem validating against XML schema: : Unexpected end of message
CRITICAL WARNING: [IP_Flow 19-1977] Unable to read IP file h:/CE515/vivado-library-zmod-v1-2019.1-2/vivado-library-zmod-v1-2019.1-2/ip/Pmods/PmodPIR_v1_0/component.xml. This IP will not be included in the IP Catalog.
WARNING: [IP_Flow 19-395] Problem validating against XML schema: : Unexpected end of message
CRITICAL WARNING: [IP_Flow 19-1977] Unable to read IP file h:/CE515/vivado-library-zmod-v1-2019.1-2/vivado-library-zmod-v1-2019.1-2/ip/Pmods/PmodR2R_v1_0/component.xml. This IP will not be included in the IP Catalog.
WARNING: [IP_Flow 19-395] Problem validating against XML schema: : Unexpected end of message
CRITICAL WARNING: [IP_Flow 19-1977] Unable to read IP file h:/CE515/vivado-library-zmod-v1-2019.1-2/vivado-library-zmod-v1-2019.1-2/ip/Pmods/PmodRTCC_v1_0/component.xml. This IP will not be included in the IP Catalog.
WARNING: [IP_Flow 19-395] Problem validating against XML schema: : Unexpected end of message
CRITICAL WARNING: [IP_Flow 19-1977] Unable to read IP file h:/CE515/vivado-library-zmod-v1-2019.1-2/vivado-library-zmod-v1-2019.1-2/ip/Pmods/PmodSD_v1_0/component.xml. This IP will not be included in the IP Catalog.
WARNING: [IP_Flow 19-395] Problem validating against XML schema: : Unexpected end of message
CRITICAL WARNING: [IP_Flow 19-1977] Unable to read IP file h:/CE515/vivado-library-zmod-v1-2019.1-2/vivado-library-zmod-v1-2019.1-2/ip/Pmods/PmodSF3_v1_0/component.xml. This IP will not be included in the IP Catalog.
WARNING: [IP_Flow 19-395] Problem validating against XML schema: : Unexpected end of message
CRITICAL WARNING: [IP_Flow 19-1977] Unable to read IP file h:/CE515/vivado-library-zmod-v1-2019.1-2/vivado-library-zmod-v1-2019.1-2/ip/Pmods/PmodTC1_v1_0/component.xml. This IP will not be included in the IP Catalog.
WARNING: [IP_Flow 19-395] Problem validating against XML schema: : Unexpected end of message
CRITICAL WARNING: [IP_Flow 19-1977] Unable to read IP file h:/CE515/vivado-library-zmod-v1-2019.1-2/vivado-library-zmod-v1-2019.1-2/ip/Pmods/PmodTMP3_v1_0/component.xml. This IP will not be included in the IP Catalog.
WARNING: [IP_Flow 19-395] Problem validating against XML schema: : Unexpected end of message
CRITICAL WARNING: [IP_Flow 19-1977] Unable to read IP file h:/CE515/vivado-library-zmod-v1-2019.1-2/vivado-library-zmod-v1-2019.1-2/ip/Pmods/PmodWIFI_v1_0/component.xml. This IP will not be included in the IP Catalog.
WARNING: [IP_Flow 19-395] Problem validating against XML schema: : Unexpected end of message
CRITICAL WARNING: [IP_Flow 19-1977] Unable to read IP file h:/CE515/vivado-library-zmod-v1-2019.1-2/vivado-library-zmod-v1-2019.1-2/ip/Pmods/Pmod_Bridge_v1_0/component.xml. This IP will not be included in the IP Catalog.
WARNING: [IP_Flow 19-395] Problem validating against XML schema: : Unexpected end of message
CRITICAL WARNING: [IP_Flow 19-1977] Unable to read IP file h:/CE515/vivado-library-zmod-v1-2019.1-2/vivado-library-zmod-v1-2019.1-2/ip/Pmods/Pmod_Bridge_v1_1/component.xml. This IP will not be included in the IP Catalog.
WARNING: [IP_Flow 19-395] Problem validating against XML schema: : Unexpected end of message
CRITICAL WARNING: [IP_Flow 19-1977] Unable to read IP file h:/CE515/vivado-library-zmod-v1-2019.1-2/vivado-library-zmod-v1-2019.1-2/ip/PWM_1.0/component.xml. This IP will not be included in the IP Catalog.
WARNING: [IP_Flow 19-395] Problem validating against XML schema: : Unexpected end of message
CRITICAL WARNING: [IP_Flow 19-1977] Unable to read IP file h:/CE515/vivado-library-zmod-v1-2019.1-2/vivado-library-zmod-v1-2019.1-2/ip/PWM_2.0/component.xml. This IP will not be included in the IP Catalog.
WARNING: [IP_Flow 19-395] Problem validating against XML schema: : Unexpected end of message
CRITICAL WARNING: [IP_Flow 19-1977] Unable to read IP file h:/CE515/vivado-library-zmod-v1-2019.1-2/vivado-library-zmod-v1-2019.1-2/ip/PWM_Analyzer_1.0/component.xml. This IP will not be included in the IP Catalog.
WARNING: [IP_Flow 19-395] Problem validating against XML schema: : Unexpected end of message
CRITICAL WARNING: [IP_Flow 19-1977] Unable to read IP file h:/CE515/vivado-library-zmod-v1-2019.1-2/vivado-library-zmod-v1-2019.1-2/ip/rgb2dvi/component.xml. This IP will not be included in the IP Catalog.
WARNING: [IP_Flow 19-395] Problem validating against XML schema: : Unexpected end of message
CRITICAL WARNING: [IP_Flow 19-1977] Unable to read IP file h:/CE515/vivado-library-zmod-v1-2019.1-2/vivado-library-zmod-v1-2019.1-2/ip/usb2device_v1_0/component.xml. This IP will not be included in the IP Catalog.
WARNING: [IP_Flow 19-395] Problem validating against XML schema: : Unexpected end of message
CRITICAL WARNING: [IP_Flow 19-1977] Unable to read IP file h:/CE515/vivado-library-zmod-v1-2019.1-2/vivado-library-zmod-v1-2019.1-2/ip/video_scaler/component.xml. This IP will not be included in the IP Catalog.
WARNING: [IP_Flow 19-395] Problem validating against XML schema: : Unexpected end of message
CRITICAL WARNING: [IP_Flow 19-1977] Unable to read IP file h:/CE515/vivado-library-zmod-v1-2019.1-2/vivado-library-zmod-v1-2019.1-2/ip/Zmods/AXI_Zmod_ADC1410/component.xml. This IP will not be included in the IP Catalog.
WARNING: [IP_Flow 19-395] Problem validating against XML schema: : Unexpected end of message
CRITICAL WARNING: [IP_Flow 19-1977] Unable to read IP file h:/CE515/vivado-library-zmod-v1-2019.1-2/vivado-library-zmod-v1-2019.1-2/ip/Zmods/AXI_Zmod_DAC1411/component.xml. This IP will not be included in the IP Catalog.
WARNING: [IP_Flow 19-395] Problem validating against XML schema: : Unexpected end of message
CRITICAL WARNING: [IP_Flow 19-1977] Unable to read IP file h:/CE515/vivado-library-zmod-v1-2019.1-2/vivado-library-zmod-v1-2019.1-2/ip/Zmods/ZmodADC1410Controller/component.xml. This IP will not be included in the IP Catalog.
WARNING: [IP_Flow 19-395] Problem validating against XML schema: : Unexpected end of message
CRITICAL WARNING: [IP_Flow 19-1977] Unable to read IP file h:/CE515/vivado-library-zmod-v1-2019.1-2/vivado-library-zmod-v1-2019.1-2/ip/Zmods/ZmodDAC1411_Controller/component.xml. This IP will not be included in the IP Catalog.
INFO: [IP_Flow 19-1700] Loaded user IP repository 'h:/CE515/vivado-library-zmod-v1-2019.1-2'.
INFO: [IP_Flow 19-2313] Loaded Vivado IP repository 'C:/Xilinx/Vivado/2019.2/data/ip'.
open_project: Time (s): cpu = 00:00:11 ; elapsed = 00:00:30 . Memory (MB): peak = 822.934 ; gain = 161.621
update_compile_order -fileset sources_1
open_bd_design {H:/5A/CE514/ZyboZ7/MatriceZyboZ7/MatriceZyboZ7.srcs/sources_1/bd/design_1/design_1.bd}
Adding component instance block -- xilinx.com:ip:processing_system7:5.5 - processing_system7_0
WARNING: [BD 41-176] The physical port 'S_AXI_GP2_rd_socket' specified in the portmap, is not found on the block! 
WARNING: [BD 41-176] The physical port 'S_AXI_GP2_wr_socket' specified in the portmap, is not found on the block! 
WARNING: [BD 41-176] The physical port 'S_AXI_GP3_rd_socket' specified in the portmap, is not found on the block! 
WARNING: [BD 41-176] The physical port 'S_AXI_GP3_wr_socket' specified in the portmap, is not found on the block! 
Adding component instance block -- xilinx.com:ip:axi_interconnect:2.1 - ps7_0_axi_periph
Adding component instance block -- xilinx.com:ip:axi_protocol_converter:2.1 - auto_pc
Adding component instance block -- xilinx.com:ip:proc_sys_reset:5.0 - rst_ps7_0_50M
Adding component instance block -- inpg.fr:user:my_matrice_LED:1.0 - my_matrice_LED_0
Successfully read diagram <design_1> from BD file <H:/5A/CE514/ZyboZ7/MatriceZyboZ7/MatriceZyboZ7.srcs/sources_1/bd/design_1/design_1.bd>
open_bd_design: Time (s): cpu = 00:00:08 ; elapsed = 00:00:08 . Memory (MB): peak = 917.512 ; gain = 77.832
validate_bd_design -force
INFO: [Vivado 12-8231] Launching Vitis
INFO: [Vivado 12-417] Running vitis
INFO: [Vivado 12-8232] Vitis launch initiated. Please check console for any further messages.
ipx::edit_ip_in_project -upgrade true -name my_matrice_LED_v1_0_project -directory H:/5A/CE514/ZyboZ7/MatriceZyboZ7/MatriceZyboZ7.tmp/my_matrice_LED_v1_0_project h:/5A/CE514/ip_repo/my_matrice_LED_1.0/component.xml
INFO: [IP_Flow 19-234] Refreshing IP repositories
INFO: [IP_Flow 19-1704] No user IP repositories specified
INFO: [IP_Flow 19-2313] Loaded Vivado IP repository 'C:/Xilinx/Vivado/2019.2/data/ip'.
create_project: Time (s): cpu = 00:00:06 ; elapsed = 00:00:05 . Memory (MB): peak = 974.203 ; gain = 6.891
INFO: [IP_Flow 19-234] Refreshing IP repositories
INFO: [IP_Flow 19-1700] Loaded user IP repository 'h:/5A/CE514/ip_repo/my_matrice_LED_1.0'.
WARNING: [IP_Flow 19-395] Problem validating against XML schema: : Unexpected end of message
CRITICAL WARNING: [IP_Flow 19-1977] Unable to read IP file h:/CE515/vivado-library-zmod-v1-2019.1-2/vivado-library-zmod-v1-2019.1-2/ip/AXI_DPTI_1.0/component.xml. This IP will not be included in the IP Catalog.
WARNING: [IP_Flow 19-395] Problem validating against XML schema: : Unexpected end of message
CRITICAL WARNING: [IP_Flow 19-1977] Unable to read IP file h:/CE515/vivado-library-zmod-v1-2019.1-2/vivado-library-zmod-v1-2019.1-2/ip/axi_dynclk_v1_0/component.xml. This IP will not be included in the IP Catalog.
WARNING: [IP_Flow 19-395] Problem validating against XML schema: : Unexpected end of message
CRITICAL WARNING: [IP_Flow 19-1977] Unable to read IP file h:/CE515/vivado-library-zmod-v1-2019.1-2/vivado-library-zmod-v1-2019.1-2/ip/axi_i2s_adi_1.2/component.xml. This IP will not be included in the IP Catalog.
WARNING: [IP_Flow 19-395] Problem validating against XML schema: : Unexpected end of message
CRITICAL WARNING: [IP_Flow 19-1977] Unable to read IP file h:/CE515/vivado-library-zmod-v1-2019.1-2/vivado-library-zmod-v1-2019.1-2/ip/axi_ps2_1.0/component.xml. This IP will not be included in the IP Catalog.
WARNING: [IP_Flow 19-395] Problem validating against XML schema: : Unexpected end of message
CRITICAL WARNING: [IP_Flow 19-1977] Unable to read IP file h:/CE515/vivado-library-zmod-v1-2019.1-2/vivado-library-zmod-v1-2019.1-2/ip/dvi2rgb/component.xml. This IP will not be included in the IP Catalog.
WARNING: [IP_Flow 19-395] Problem validating against XML schema: : Unexpected end of message
CRITICAL WARNING: [IP_Flow 19-1977] Unable to read IP file h:/CE515/vivado-library-zmod-v1-2019.1-2/vivado-library-zmod-v1-2019.1-2/ip/hls_contrast_stretch_1_0/component.xml. This IP will not be included in the IP Catalog.
WARNING: [IP_Flow 19-395] Problem validating against XML schema: : Unexpected end of message
CRITICAL WARNING: [IP_Flow 19-1977] Unable to read IP file h:/CE515/vivado-library-zmod-v1-2019.1-2/vivado-library-zmod-v1-2019.1-2/ip/hls_saturation_enhance_1_0/component.xml. This IP will not be included in the IP Catalog.
WARNING: [IP_Flow 19-395] Problem validating against XML schema: : Unexpected end of message
CRITICAL WARNING: [IP_Flow 19-1977] Unable to read IP file h:/CE515/vivado-library-zmod-v1-2019.1-2/vivado-library-zmod-v1-2019.1-2/ip/MotorFeedback_1.0/component.xml. This IP will not be included in the IP Catalog.
WARNING: [IP_Flow 19-395] Problem validating against XML schema: : Unexpected end of message
CRITICAL WARNING: [IP_Flow 19-1977] Unable to read IP file h:/CE515/vivado-library-zmod-v1-2019.1-2/vivado-library-zmod-v1-2019.1-2/ip/Pmods/PmodACL2_v1_0/component.xml. This IP will not be included in the IP Catalog.
WARNING: [IP_Flow 19-395] Problem validating against XML schema: : Unexpected end of message
CRITICAL WARNING: [IP_Flow 19-1977] Unable to read IP file h:/CE515/vivado-library-zmod-v1-2019.1-2/vivado-library-zmod-v1-2019.1-2/ip/Pmods/PmodACL_v1_0/component.xml. This IP will not be included in the IP Catalog.
WARNING: [IP_Flow 19-395] Problem validating against XML schema: : Unexpected end of message
CRITICAL WARNING: [IP_Flow 19-1977] Unable to read IP file h:/CE515/vivado-library-zmod-v1-2019.1-2/vivado-library-zmod-v1-2019.1-2/ip/Pmods/PmodAD1_v1_0/component.xml. This IP will not be included in the IP Catalog.
WARNING: [IP_Flow 19-395] Problem validating against XML schema: : Unexpected end of message
CRITICAL WARNING: [IP_Flow 19-1977] Unable to read IP file h:/CE515/vivado-library-zmod-v1-2019.1-2/vivado-library-zmod-v1-2019.1-2/ip/Pmods/PmodAD2_v1_0/component.xml. This IP will not be included in the IP Catalog.
WARNING: [IP_Flow 19-395] Problem validating against XML schema: : Unexpected end of message
CRITICAL WARNING: [IP_Flow 19-1977] Unable to read IP file h:/CE515/vivado-library-zmod-v1-2019.1-2/vivado-library-zmod-v1-2019.1-2/ip/Pmods/PmodALS_v1_0/component.xml. This IP will not be included in the IP Catalog.
WARNING: [IP_Flow 19-395] Problem validating against XML schema: : Unexpected end of message
CRITICAL WARNING: [IP_Flow 19-1977] Unable to read IP file h:/CE515/vivado-library-zmod-v1-2019.1-2/vivado-library-zmod-v1-2019.1-2/ip/Pmods/PmodAMP2_v1_0/component.xml. This IP will not be included in the IP Catalog.
WARNING: [IP_Flow 19-395] Problem validating against XML schema: : Unexpected end of message
CRITICAL WARNING: [IP_Flow 19-1977] Unable to read IP file h:/CE515/vivado-library-zmod-v1-2019.1-2/vivado-library-zmod-v1-2019.1-2/ip/Pmods/PmodAQS_v1_0/component.xml. This IP will not be included in the IP Catalog.
WARNING: [IP_Flow 19-395] Problem validating against XML schema: : Unexpected end of message
CRITICAL WARNING: [IP_Flow 19-1977] Unable to read IP file h:/CE515/vivado-library-zmod-v1-2019.1-2/vivado-library-zmod-v1-2019.1-2/ip/Pmods/PmodBLE_v1_0/component.xml. This IP will not be included in the IP Catalog.
WARNING: [IP_Flow 19-395] Problem validating against XML schema: : Unexpected end of message
CRITICAL WARNING: [IP_Flow 19-1977] Unable to read IP file h:/CE515/vivado-library-zmod-v1-2019.1-2/vivado-library-zmod-v1-2019.1-2/ip/Pmods/PmodBT2_v1_0/component.xml. This IP will not be included in the IP Catalog.
WARNING: [IP_Flow 19-395] Problem validating against XML schema: : Unexpected end of message
CRITICAL WARNING: [IP_Flow 19-1977] Unable to read IP file h:/CE515/vivado-library-zmod-v1-2019.1-2/vivado-library-zmod-v1-2019.1-2/ip/Pmods/PmodCAN_v1_0/component.xml. This IP will not be included in the IP Catalog.
WARNING: [IP_Flow 19-395] Problem validating against XML schema: : Unexpected end of message
CRITICAL WARNING: [IP_Flow 19-1977] Unable to read IP file h:/CE515/vivado-library-zmod-v1-2019.1-2/vivado-library-zmod-v1-2019.1-2/ip/Pmods/PmodCLS_v1_0/component.xml. This IP will not be included in the IP Catalog.
WARNING: [IP_Flow 19-395] Problem validating against XML schema: : Unexpected end of message
CRITICAL WARNING: [IP_Flow 19-1977] Unable to read IP file h:/CE515/vivado-library-zmod-v1-2019.1-2/vivado-library-zmod-v1-2019.1-2/ip/Pmods/PmodCMPS2_v1_0/component.xml. This IP will not be included in the IP Catalog.
WARNING: [IP_Flow 19-395] Problem validating against XML schema: : Unexpected end of message
CRITICAL WARNING: [IP_Flow 19-1977] Unable to read IP file h:/CE515/vivado-library-zmod-v1-2019.1-2/vivado-library-zmod-v1-2019.1-2/ip/Pmods/PmodCOLOR_v1_0/component.xml. This IP will not be included in the IP Catalog.
WARNING: [IP_Flow 19-395] Problem validating against XML schema: : Unexpected end of message
CRITICAL WARNING: [IP_Flow 19-1977] Unable to read IP file h:/CE515/vivado-library-zmod-v1-2019.1-2/vivado-library-zmod-v1-2019.1-2/ip/Pmods/PmodDA1_v1_0/component.xml. This IP will not be included in the IP Catalog.
WARNING: [IP_Flow 19-395] Problem validating against XML schema: : Unexpected end of message
CRITICAL WARNING: [IP_Flow 19-1977] Unable to read IP file h:/CE515/vivado-library-zmod-v1-2019.1-2/vivado-library-zmod-v1-2019.1-2/ip/Pmods/PmodDHB1_v1_0/component.xml. This IP will not be included in the IP Catalog.
WARNING: [IP_Flow 19-395] Problem validating against XML schema: : Unexpected end of message
CRITICAL WARNING: [IP_Flow 19-1977] Unable to read IP file h:/CE515/vivado-library-zmod-v1-2019.1-2/vivado-library-zmod-v1-2019.1-2/ip/Pmods/PmodDPG1_v1_0/component.xml. This IP will not be included in the IP Catalog.
WARNING: [IP_Flow 19-395] Problem validating against XML schema: : Unexpected end of message
CRITICAL WARNING: [IP_Flow 19-1977] Unable to read IP file h:/CE515/vivado-library-zmod-v1-2019.1-2/vivado-library-zmod-v1-2019.1-2/ip/Pmods/PmodENC_v1_0/component.xml. This IP will not be included in the IP Catalog.
WARNING: [IP_Flow 19-395] Problem validating against XML schema: : Unexpected end of message
CRITICAL WARNING: [IP_Flow 19-1977] Unable to read IP file h:/CE515/vivado-library-zmod-v1-2019.1-2/vivado-library-zmod-v1-2019.1-2/ip/Pmods/PmodESP32_v1_0/component.xml. This IP will not be included in the IP Catalog.
WARNING: [IP_Flow 19-395] Problem validating against XML schema: : Unexpected end of message
CRITICAL WARNING: [IP_Flow 19-1977] Unable to read IP file h:/CE515/vivado-library-zmod-v1-2019.1-2/vivado-library-zmod-v1-2019.1-2/ip/Pmods/PmodGPIO_v1_0/component.xml. This IP will not be included in the IP Catalog.
WARNING: [IP_Flow 19-395] Problem validating against XML schema: : Unexpected end of message
CRITICAL WARNING: [IP_Flow 19-1977] Unable to read IP file h:/CE515/vivado-library-zmod-v1-2019.1-2/vivado-library-zmod-v1-2019.1-2/ip/Pmods/PmodGPS_v1_1/component.xml. This IP will not be included in the IP Catalog.
WARNING: [IP_Flow 19-395] Problem validating against XML schema: : Unexpected end of message
CRITICAL WARNING: [IP_Flow 19-1977] Unable to read IP file h:/CE515/vivado-library-zmod-v1-2019.1-2/vivado-library-zmod-v1-2019.1-2/ip/Pmods/PmodGYRO_v1_0/component.xml. This IP will not be included in the IP Catalog.
WARNING: [IP_Flow 19-395] Problem validating against XML schema: : Unexpected end of message
CRITICAL WARNING: [IP_Flow 19-1977] Unable to read IP file h:/CE515/vivado-library-zmod-v1-2019.1-2/vivado-library-zmod-v1-2019.1-2/ip/Pmods/PmodHYGRO_v1_0/component.xml. This IP will not be included in the IP Catalog.
WARNING: [IP_Flow 19-395] Problem validating against XML schema: : Unexpected end of message
CRITICAL WARNING: [IP_Flow 19-1977] Unable to read IP file h:/CE515/vivado-library-zmod-v1-2019.1-2/vivado-library-zmod-v1-2019.1-2/ip/Pmods/PmodJSTK2_v1_0/component.xml. This IP will not be included in the IP Catalog.
WARNING: [IP_Flow 19-395] Problem validating against XML schema: : Unexpected end of message
CRITICAL WARNING: [IP_Flow 19-1977] Unable to read IP file h:/CE515/vivado-library-zmod-v1-2019.1-2/vivado-library-zmod-v1-2019.1-2/ip/Pmods/PmodJSTK_v1_0/component.xml. This IP will not be included in the IP Catalog.
WARNING: [IP_Flow 19-395] Problem validating against XML schema: : Unexpected end of message
CRITICAL WARNING: [IP_Flow 19-1977] Unable to read IP file h:/CE515/vivado-library-zmod-v1-2019.1-2/vivado-library-zmod-v1-2019.1-2/ip/Pmods/PmodKYPD_v1_0/component.xml. This IP will not be included in the IP Catalog.
WARNING: [IP_Flow 19-395] Problem validating against XML schema: : Unexpected end of message
CRITICAL WARNING: [IP_Flow 19-1977] Unable to read IP file h:/CE515/vivado-library-zmod-v1-2019.1-2/vivado-library-zmod-v1-2019.1-2/ip/Pmods/PmodMAXSONAR_v1_0/component.xml. This IP will not be included in the IP Catalog.
WARNING: [IP_Flow 19-395] Problem validating against XML schema: : Unexpected end of message
CRITICAL WARNING: [IP_Flow 19-1977] Unable to read IP file h:/CE515/vivado-library-zmod-v1-2019.1-2/vivado-library-zmod-v1-2019.1-2/ip/Pmods/PmodMTDS_v1_0/component.xml. This IP will not be included in the IP Catalog.
WARNING: [IP_Flow 19-395] Problem validating against XML schema: : Unexpected end of message
CRITICAL WARNING: [IP_Flow 19-1977] Unable to read IP file h:/CE515/vivado-library-zmod-v1-2019.1-2/vivado-library-zmod-v1-2019.1-2/ip/Pmods/PmodNAV_v1_0/component.xml. This IP will not be included in the IP Catalog.
WARNING: [IP_Flow 19-395] Problem validating against XML schema: : Unexpected end of message
CRITICAL WARNING: [IP_Flow 19-1977] Unable to read IP file h:/CE515/vivado-library-zmod-v1-2019.1-2/vivado-library-zmod-v1-2019.1-2/ip/Pmods/pmodOLEDrgb_v1_0/component.xml. This IP will not be included in the IP Catalog.
WARNING: [IP_Flow 19-395] Problem validating against XML schema: : Unexpected end of message
CRITICAL WARNING: [IP_Flow 19-1977] Unable to read IP file h:/CE515/vivado-library-zmod-v1-2019.1-2/vivado-library-zmod-v1-2019.1-2/ip/Pmods/PmodOLED_v1_0/component.xml. This IP will not be included in the IP Catalog.
WARNING: [IP_Flow 19-395] Problem validating against XML schema: : Unexpected end of message
CRITICAL WARNING: [IP_Flow 19-1977] Unable to read IP file h:/CE515/vivado-library-zmod-v1-2019.1-2/vivado-library-zmod-v1-2019.1-2/ip/Pmods/PmodR2R_v1_0/component.xml. This IP will not be included in the IP Catalog.
WARNING: [IP_Flow 19-395] Problem validating against XML schema: : Unexpected end of message
CRITICAL WARNING: [IP_Flow 19-1977] Unable to read IP file h:/CE515/vivado-library-zmod-v1-2019.1-2/vivado-library-zmod-v1-2019.1-2/ip/Pmods/PmodRTCC_v1_0/component.xml. This IP will not be included in the IP Catalog.
WARNING: [IP_Flow 19-395] Problem validating against XML schema: : Unexpected end of message
CRITICAL WARNING: [IP_Flow 19-1977] Unable to read IP file h:/CE515/vivado-library-zmod-v1-2019.1-2/vivado-library-zmod-v1-2019.1-2/ip/Pmods/PmodSD_v1_0/component.xml. This IP will not be included in the IP Catalog.
WARNING: [IP_Flow 19-395] Problem validating against XML schema: : Unexpected end of message
CRITICAL WARNING: [IP_Flow 19-1977] Unable to read IP file h:/CE515/vivado-library-zmod-v1-2019.1-2/vivado-library-zmod-v1-2019.1-2/ip/Pmods/PmodSF3_v1_0/component.xml. This IP will not be included in the IP Catalog.
WARNING: [IP_Flow 19-395] Problem validating against XML schema: : Unexpected end of message
CRITICAL WARNING: [IP_Flow 19-1977] Unable to read IP file h:/CE515/vivado-library-zmod-v1-2019.1-2/vivado-library-zmod-v1-2019.1-2/ip/Pmods/PmodTC1_v1_0/component.xml. This IP will not be included in the IP Catalog.
WARNING: [IP_Flow 19-395] Problem validating against XML schema: : Unexpected end of message
CRITICAL WARNING: [IP_Flow 19-1977] Unable to read IP file h:/CE515/vivado-library-zmod-v1-2019.1-2/vivado-library-zmod-v1-2019.1-2/ip/Pmods/Pmod_Bridge_v1_0/component.xml. This IP will not be included in the IP Catalog.
WARNING: [IP_Flow 19-395] Problem validating against XML schema: : Unexpected end of message
CRITICAL WARNING: [IP_Flow 19-1977] Unable to read IP file h:/CE515/vivado-library-zmod-v1-2019.1-2/vivado-library-zmod-v1-2019.1-2/ip/Pmods/Pmod_Bridge_v1_1/component.xml. This IP will not be included in the IP Catalog.
WARNING: [IP_Flow 19-395] Problem validating against XML schema: : Unexpected end of message
CRITICAL WARNING: [IP_Flow 19-1977] Unable to read IP file h:/CE515/vivado-library-zmod-v1-2019.1-2/vivado-library-zmod-v1-2019.1-2/ip/PWM_1.0/component.xml. This IP will not be included in the IP Catalog.
WARNING: [IP_Flow 19-395] Problem validating against XML schema: : Unexpected end of message
CRITICAL WARNING: [IP_Flow 19-1977] Unable to read IP file h:/CE515/vivado-library-zmod-v1-2019.1-2/vivado-library-zmod-v1-2019.1-2/ip/PWM_2.0/component.xml. This IP will not be included in the IP Catalog.
WARNING: [IP_Flow 19-395] Problem validating against XML schema: : Unexpected end of message
CRITICAL WARNING: [IP_Flow 19-1977] Unable to read IP file h:/CE515/vivado-library-zmod-v1-2019.1-2/vivado-library-zmod-v1-2019.1-2/ip/PWM_Analyzer_1.0/component.xml. This IP will not be included in the IP Catalog.
WARNING: [IP_Flow 19-395] Problem validating against XML schema: : Unexpected end of message
CRITICAL WARNING: [IP_Flow 19-1977] Unable to read IP file h:/CE515/vivado-library-zmod-v1-2019.1-2/vivado-library-zmod-v1-2019.1-2/ip/rgb2dvi/component.xml. This IP will not be included in the IP Catalog.
WARNING: [IP_Flow 19-395] Problem validating against XML schema: : Unexpected end of message
CRITICAL WARNING: [IP_Flow 19-1977] Unable to read IP file h:/CE515/vivado-library-zmod-v1-2019.1-2/vivado-library-zmod-v1-2019.1-2/ip/usb2device_v1_0/component.xml. This IP will not be included in the IP Catalog.
WARNING: [IP_Flow 19-395] Problem validating against XML schema: : Unexpected end of message
CRITICAL WARNING: [IP_Flow 19-1977] Unable to read IP file h:/CE515/vivado-library-zmod-v1-2019.1-2/vivado-library-zmod-v1-2019.1-2/ip/video_scaler/component.xml. This IP will not be included in the IP Catalog.
WARNING: [IP_Flow 19-395] Problem validating against XML schema: : Unexpected end of message
CRITICAL WARNING: [IP_Flow 19-1977] Unable to read IP file h:/CE515/vivado-library-zmod-v1-2019.1-2/vivado-library-zmod-v1-2019.1-2/ip/Zmods/AXI_Zmod_ADC1410/component.xml. This IP will not be included in the IP Catalog.
WARNING: [IP_Flow 19-395] Problem validating against XML schema: : Unexpected end of message
CRITICAL WARNING: [IP_Flow 19-1977] Unable to read IP file h:/CE515/vivado-library-zmod-v1-2019.1-2/vivado-library-zmod-v1-2019.1-2/ip/Zmods/AXI_Zmod_DAC1411/component.xml. This IP will not be included in the IP Catalog.
WARNING: [IP_Flow 19-395] Problem validating against XML schema: : Unexpected end of message
CRITICAL WARNING: [IP_Flow 19-1977] Unable to read IP file h:/CE515/vivado-library-zmod-v1-2019.1-2/vivado-library-zmod-v1-2019.1-2/ip/Zmods/ZmodADC1410Controller/component.xml. This IP will not be included in the IP Catalog.
WARNING: [IP_Flow 19-395] Problem validating against XML schema: : Unexpected end of message
CRITICAL WARNING: [IP_Flow 19-1977] Unable to read IP file h:/CE515/vivado-library-zmod-v1-2019.1-2/vivado-library-zmod-v1-2019.1-2/ip/Zmods/ZmodDAC1411_Controller/component.xml. This IP will not be included in the IP Catalog.
INFO: [IP_Flow 19-1700] Loaded user IP repository 'h:/CE515/vivado-library-zmod-v1-2019.1-2'.
INFO: [IP_Flow 19-795] Syncing license key meta-data
ipx::edit_ip_in_project: Time (s): cpu = 00:00:10 ; elapsed = 00:00:26 . Memory (MB): peak = 981.820 ; gain = 14.508
update_compile_order -fileset sources_1
close_project
set_property  ip_repo_paths  {h:/5A/CE514/ip_repo/my_matrice_LED_1.0 H:/5A/CE514/kypd h:/CE515/vivado-library-zmod-v1-2019.1-2} [current_project]
update_ip_catalog
INFO: [IP_Flow 19-234] Refreshing IP repositories
INFO: [IP_Flow 19-1700] Loaded user IP repository 'h:/5A/CE514/ip_repo/my_matrice_LED_1.0'.
INFO: [IP_Flow 19-1700] Loaded user IP repository 'h:/5A/CE514/kypd'.
INFO: [IP_Flow 19-1700] Loaded user IP repository 'h:/CE515/vivado-library-zmod-v1-2019.1-2'.
set_property  ip_repo_paths  {h:/5A/CE514/ip_repo/my_matrice_LED_1.0 h:/CE515/vivado-library-zmod-v1-2019.1-2} [current_project]
update_ip_catalog
INFO: [IP_Flow 19-234] Refreshing IP repositories
INFO: [IP_Flow 19-1700] Loaded user IP repository 'h:/5A/CE514/ip_repo/my_matrice_LED_1.0'.
INFO: [IP_Flow 19-1700] Loaded user IP repository 'h:/CE515/vivado-library-zmod-v1-2019.1-2'.
validate_bd_design -force
set_property  ip_repo_paths  h:/5A/CE514/ip_repo/my_matrice_LED_1.0 [current_project]
update_ip_catalog
INFO: [IP_Flow 19-234] Refreshing IP repositories
INFO: [IP_Flow 19-1700] Loaded user IP repository 'h:/5A/CE514/ip_repo/my_matrice_LED_1.0'.
set_property  ip_repo_paths  {h:/5A/CE514/ip_repo/my_matrice_LED_1.0 H:/5A/CE514/ZyboZ7/MatriceZyboZ7} [current_project]
update_ip_catalog
INFO: [IP_Flow 19-234] Refreshing IP repositories
INFO: [IP_Flow 19-1700] Loaded user IP repository 'h:/5A/CE514/ip_repo/my_matrice_LED_1.0'.
INFO: [Common 17-41] Interrupt caught. Command should exit soon.
INFO: [IP_Flow 19-2338] Canceling the changes to the IP catalog. Reverting the catalog back to its previous state.
INFO: [IP_Flow 19-2339] Reverted back to using user repository h:/5A/CE514/ip_repo/my_matrice_LED_1.0.
INFO: [IP_Flow 19-2340] The IP catalog has been returned to its previous state.
INFO: [Common 17-344] 'update_ip_catalog' was cancelled
set_property  ip_repo_paths  {h:/5A/CE514/ip_repo/my_matrice_LED_1.0 H:/CE515/vivado-library-zmod-v1-2019.1-2} [current_project]
update_ip_catalog
INFO: [IP_Flow 19-234] Refreshing IP repositories
INFO: [IP_Flow 19-1700] Loaded user IP repository 'h:/5A/CE514/ip_repo/my_matrice_LED_1.0'.
WARNING: [IP_Flow 19-395] Problem validating against XML schema: : Unexpected end of message
CRITICAL WARNING: [IP_Flow 19-1977] Unable to read IP file h:/CE515/vivado-library-zmod-v1-2019.1-2/vivado-library-zmod-v1-2019.1-2/ip/PWM_Analyzer_1.0/component.xml. This IP will not be included in the IP Catalog.
WARNING: [IP_Flow 19-395] Problem validating against XML schema: : Unexpected end of message
CRITICAL WARNING: [IP_Flow 19-1977] Unable to read IP file h:/CE515/vivado-library-zmod-v1-2019.1-2/vivado-library-zmod-v1-2019.1-2/ip/rgb2dvi/component.xml. This IP will not be included in the IP Catalog.
WARNING: [IP_Flow 19-395] Problem validating against XML schema: : Unexpected end of message
CRITICAL WARNING: [IP_Flow 19-1977] Unable to read IP file h:/CE515/vivado-library-zmod-v1-2019.1-2/vivado-library-zmod-v1-2019.1-2/ip/usb2device_v1_0/component.xml. This IP will not be included in the IP Catalog.
WARNING: [IP_Flow 19-395] Problem validating against XML schema: : Unexpected end of message
CRITICAL WARNING: [IP_Flow 19-1977] Unable to read IP file h:/CE515/vivado-library-zmod-v1-2019.1-2/vivado-library-zmod-v1-2019.1-2/ip/video_scaler/component.xml. This IP will not be included in the IP Catalog.
WARNING: [IP_Flow 19-395] Problem validating against XML schema: : Unexpected end of message
CRITICAL WARNING: [IP_Flow 19-1977] Unable to read IP file h:/CE515/vivado-library-zmod-v1-2019.1-2/vivado-library-zmod-v1-2019.1-2/ip/Zmods/AXI_Zmod_ADC1410/component.xml. This IP will not be included in the IP Catalog.
WARNING: [IP_Flow 19-395] Problem validating against XML schema: : Unexpected end of message
CRITICAL WARNING: [IP_Flow 19-1977] Unable to read IP file h:/CE515/vivado-library-zmod-v1-2019.1-2/vivado-library-zmod-v1-2019.1-2/ip/Zmods/AXI_Zmod_DAC1411/component.xml. This IP will not be included in the IP Catalog.
WARNING: [IP_Flow 19-395] Problem validating against XML schema: : Unexpected end of message
CRITICAL WARNING: [IP_Flow 19-1977] Unable to read IP file h:/CE515/vivado-library-zmod-v1-2019.1-2/vivado-library-zmod-v1-2019.1-2/ip/Zmods/ZmodADC1410Controller/component.xml. This IP will not be included in the IP Catalog.
WARNING: [IP_Flow 19-395] Problem validating against XML schema: : Unexpected end of message
CRITICAL WARNING: [IP_Flow 19-1977] Unable to read IP file h:/CE515/vivado-library-zmod-v1-2019.1-2/vivado-library-zmod-v1-2019.1-2/ip/Zmods/ZmodDAC1411_Controller/component.xml. This IP will not be included in the IP Catalog.
INFO: [IP_Flow 19-1700] Loaded user IP repository 'h:/CE515/vivado-library-zmod-v1-2019.1-2'.
update_ip_catalog: Time (s): cpu = 00:00:02 ; elapsed = 00:00:17 . Memory (MB): peak = 1145.285 ; gain = 0.000
validate_bd_design -force
startgroup
create_bd_cell -type ip -vlnv digilentinc.com:IP:PmodKYPD:1.0 PmodKYPD_0
endgroup
apply_bd_automation -rule xilinx.com:bd_rule:axi4 -config { Clk_master {/processing_system7_0/FCLK_CLK0 (125 MHz)} Clk_slave {Auto} Clk_xbar {/processing_system7_0/FCLK_CLK0 (125 MHz)} Master {/processing_system7_0/M_AXI_GP0} Slave {/PmodKYPD_0/AXI_LITE_GPIO} ddr_seg {Auto} intc_ip {/ps7_0_axi_periph} master_apm {0}}  [get_bd_intf_pins PmodKYPD_0/AXI_LITE_GPIO]
Slave segment </PmodKYPD_0/AXI_LITE_GPIO/Reg0> is being mapped into address space </processing_system7_0/Data> at <0x4000_0000 [ 4K ]>
delete_bd_objs [get_bd_intf_nets ps7_0_axi_periph_M01_AXI] [get_bd_cells PmodKYPD_0]
save_bd_design
Wrote  : <H:\5A\CE514\ZyboZ7\MatriceZyboZ7\MatriceZyboZ7.srcs\sources_1\bd\design_1\design_1.bd> 
Wrote  : <H:/5A/CE514/ZyboZ7/MatriceZyboZ7/MatriceZyboZ7.srcs/sources_1/bd/design_1/ui/bd_1f5defd0.ui> 
validate_bd_design
save_bd_design
Wrote  : <H:\5A\CE514\ZyboZ7\MatriceZyboZ7\MatriceZyboZ7.srcs\sources_1\bd\design_1\design_1.bd> 
exit
INFO: [Common 17-206] Exiting Vivado at Thu Nov 23 12:55:27 2023...
