TRACE::2023-11-23.14:27:33::SCWBifWriter::Found the complete platform H:/5A/CE514/ZyboZ7/workspace/TestKeypad/export/TestKeypad/TestKeypad.xpfm
TRACE::2023-11-23.14:27:36::SCWBifWriter::hardware databse : design_1_wrapper
TRACE::2023-11-23.14:27:36::SCWBifWriter::bitstream found in the design
TRACE::2023-11-23.14:27:36::SCWBifWriter::Found a baremetal domain, proc: ps7_cortexa9_0
TRACE::2023-11-23.14:27:36::SCWBifWriter::proc type : 
TRACE::2023-11-23.14:27:36::SCWBifWriter::proc[0] : ps7_cortexa9_0
TRACE::2023-11-23.14:27:36::SCWBifWriter::Device type is : zynq
TRACE::2023-11-23.14:27:36::SCWBifWriter::Writing BIF to file : H:/5A/CE514/ZyboZ7/workspace/KeypadRafacto_withLed_system/Debug/system.bif
TRACE::2023-11-23.14:27:36::SCWBifWriter::Writing the Zynq Baremetal bif 
TRACE::2023-11-23.14:29:20::SCWBifWriter::Found the complete platform H:/5A/CE514/ZyboZ7/workspace/TestKeypad/export/TestKeypad/TestKeypad.xpfm
TRACE::2023-11-23.14:29:22::SCWBifWriter::hardware databse : design_1_wrapper
TRACE::2023-11-23.14:29:22::SCWBifWriter::bitstream found in the design
TRACE::2023-11-23.14:29:22::SCWBifWriter::Found a baremetal domain, proc: ps7_cortexa9_0
TRACE::2023-11-23.14:29:22::SCWBifWriter::proc type : 
TRACE::2023-11-23.14:29:22::SCWBifWriter::proc[0] : ps7_cortexa9_0
TRACE::2023-11-23.14:29:22::SCWBifWriter::Device type is : zynq
TRACE::2023-11-23.14:29:22::SCWBifWriter::Writing BIF to file : H:/5A/CE514/ZyboZ7/workspace/KeypadRafacto_withLed_system/Debug/system.bif
TRACE::2023-11-23.14:29:22::SCWBifWriter::Writing the Zynq Baremetal bif 
TRACE::2023-11-23.14:52:31::SCWBifWriter::Found the complete platform H:/5A/CE514/ZyboZ7/workspace/TestKeypad/export/TestKeypad/TestKeypad.xpfm
TRACE::2023-11-23.14:52:33::SCWBifWriter::hardware databse : design_1_wrapper_2
TRACE::2023-11-23.14:52:33::SCWBifWriter::bitstream found in the design
TRACE::2023-11-23.14:52:33::SCWBifWriter::Found a baremetal domain, proc: ps7_cortexa9_0
TRACE::2023-11-23.14:52:33::SCWBifWriter::proc type : 
TRACE::2023-11-23.14:52:33::SCWBifWriter::proc[0] : ps7_cortexa9_0
TRACE::2023-11-23.14:52:33::SCWBifWriter::Device type is : zynq
TRACE::2023-11-23.14:52:33::SCWBifWriter::Writing BIF to file : H:/5A/CE514/ZyboZ7/workspace/KeypadRafacto_withLed_system/Debug/system.bif
TRACE::2023-11-23.14:52:33::SCWBifWriter::Writing the Zynq Baremetal bif 
TRACE::2023-11-23.15:49:41::SCWBifWriter::Found the complete platform H:/5A/CE514/ZyboZ7/workspace/TestKeypad/export/TestKeypad/TestKeypad.xpfm
TRACE::2023-11-23.15:49:43::SCWBifWriter::hardware databse : design_1_wrapper_8
TRACE::2023-11-23.15:49:43::SCWBifWriter::bitstream found in the design
TRACE::2023-11-23.15:49:43::SCWBifWriter::Found a baremetal domain, proc: ps7_cortexa9_0
TRACE::2023-11-23.15:49:43::SCWBifWriter::proc type : 
TRACE::2023-11-23.15:49:43::SCWBifWriter::proc[0] : ps7_cortexa9_0
TRACE::2023-11-23.15:49:43::SCWBifWriter::Device type is : zynq
TRACE::2023-11-23.15:49:43::SCWBifWriter::Writing BIF to file : H:/5A/CE514/ZyboZ7/workspace/KeypadRafacto_withLed_system/Debug/system.bif
TRACE::2023-11-23.15:49:43::SCWBifWriter::Writing the Zynq Baremetal bif 
